  main.cpp
d:\onedrive\projet progra\c++\machinelearning\machinelearning\machinelearning\matrixdemonstration.h(15): warning C4018: '<' : incompatibilité signed/unsigned
d:\onedrive\projet progra\c++\machinelearning\machinelearning\machinelearning\matrixdemonstration.h(16): warning C4018: '<' : incompatibilité signed/unsigned
d:\onedrive\projet progra\c++\machinelearning\machinelearning\machinelearning\linearregression.h(13): warning C4018: '<' : incompatibilité signed/unsigned
d:\onedrive\projet progra\c++\machinelearning\machinelearning\machinelearning\linearregression.h(27): warning C4018: '<' : incompatibilité signed/unsigned
d:\onedrive\projet progra\c++\machinelearning\machinelearning\machinelearning\linearregression.h(28): warning C4018: '<' : incompatibilité signed/unsigned
d:\onedrive\projet progra\c++\machinelearning\machinelearning\machinelearning\linearregression.h(31): warning C4018: '<' : incompatibilité signed/unsigned
d:\onedrive\projet progra\c++\machinelearning\machinelearning\machinelearning\linearregression.h(37): warning C4018: '<' : incompatibilité signed/unsigned
d:\onedrive\projet progra\c++\machinelearning\machinelearning\machinelearning\linearregression.h(38): warning C4018: '<' : incompatibilité signed/unsigned
d:\onedrive\projet progra\c++\machinelearning\machinelearning\machinelearning\linearregression.h(41): warning C4018: '<' : incompatibilité signed/unsigned
d:\onedrive\projet progra\c++\machinelearning\machinelearning\machinelearning\linearregression.h(46): warning C4018: '<' : incompatibilité signed/unsigned
d:\onedrive\projet progra\c++\machinelearning\machinelearning\machinelearning\linearregression.h(47): warning C4018: '<' : incompatibilité signed/unsigned
d:\onedrive\projet progra\c++\machinelearning\machinelearning\machinelearning\linearregression.h(69): warning C4018: '<' : incompatibilité signed/unsigned
d:\onedrive\projet progra\c++\machinelearning\machinelearning\machinelearning\exo0-1.h(80): warning C4018: '<' : incompatibilité signed/unsigned
d:\onedrive\projet progra\c++\machinelearning\machinelearning\machinelearning\exo0-1.h(138): warning C4018: '<' : incompatibilité signed/unsigned
d:\onedrive\projet progra\c++\machinelearning\machinelearning\machinelearning\exo0-1.h(227): warning C4244: 'argument' : conversion de 'time_t' en 'unsigned int', perte possible de données
d:\onedrive\projet progra\c++\machinelearning\machinelearning\machinelearning\exo0-1.h(324): warning C4805: '!=' : mélange risqué de type 'bool' et de type 'double' dans l'opération
d:\onedrive\projet progra\c++\machinelearning\machinelearning\machinelearning\coursera-week-2.h(42): warning C4018: '<' : incompatibilité signed/unsigned
d:\onedrive\projet progra\c++\machinelearning\machinelearning\machinelearning\coursera-week-2.h(66): warning C4018: '<' : incompatibilité signed/unsigned
d:\onedrive\projet progra\c++\machinelearning\machinelearning\machinelearning\coursera-week-2.h(70): warning C4018: '<' : incompatibilité signed/unsigned
d:\onedrive\projet progra\c++\machinelearning\machinelearning\machinelearning\exo2h.h(82): warning C4018: '<' : incompatibilité signed/unsigned
d:\onedrive\projet progra\c++\machinelearning\machinelearning\machinelearning\bitmap.h(11): warning C4309: 'argument par défaut' : troncation de valeur de constante
d:\onedrive\projet progra\c++\machinelearning\machinelearning\machinelearning\bitmap.h(12): warning C4309: 'argument par défaut' : troncation de valeur de constante
d:\onedrive\projet progra\c++\machinelearning\machinelearning\machinelearning\exo2h.h(105): warning C4244: 'argument' : conversion de 'double' en 'char', perte possible de données
d:\onedrive\projet progra\c++\machinelearning\machinelearning\machinelearning\exo2h.h(129): warning C4018: '<' : incompatibilité signed/unsigned
d:\onedrive\projet progra\c++\machinelearning\machinelearning\machinelearning\exo2h.h(248): warning C4018: '<' : incompatibilité signed/unsigned
LINK : fatal error LNK1201: erreur lors de l'écriture dans la base de données 'D:\OneDrive\Projet Progra\C++\MachineLearning\MachineLearning\Debug\MachineLearning.pdb' du programme ; vérifiez l'espace disque, le chemin d'accès ou les privilèges
